Using pre-set license
Built from '6000.0/staging' branch; Version is '6000.0.28f1 (f336aca0cab5) revision 15939244'; Using compiler version '193933523'; Build Type 'Release'
OS: 'Windows 10  (10.0.19045) 64bit Professional' Language: 'ru' Physical Memory: 16202 MB
BatchMode: 1, IsHumanControllingUs: 0, StartBugReporterOnCrash: 0, Is64bit: 1, IsPro: 1

COMMAND LINE ARGUMENTS:
C:\Program Files\Unity\Hub\Editor\6000.0.28f1\Editor\Unity.exe
-adb2
-batchMode
-noUpm
-name
AssetImportWorker4
-projectPath
D:/UnityPrjs/2dPltfrmr/3DPrjct_SpaceShooter
-logFile
Logs/AssetImportWorker4.log
-srvPort
50144
-job-worker-count
7
-background-job-worker-count
8
-asset-garbage-collectors
1
Successfully changed project path to: D:/UnityPrjs/2dPltfrmr/3DPrjct_SpaceShooter
D:/UnityPrjs/2dPltfrmr/3DPrjct_SpaceShooter
[UnityMemory] Configuration Parameters - Can be set up in boot.config
    "memorysetup-bucket-allocator-granularity=16"
    "memorysetup-bucket-allocator-bucket-count=8"
    "memorysetup-bucket-allocator-block-size=33554432"
    "memorysetup-bucket-allocator-block-count=8"
    "memorysetup-main-allocator-block-size=16777216"
    "memorysetup-thread-allocator-block-size=16777216"
    "memorysetup-gfx-main-allocator-block-size=16777216"
    "memorysetup-gfx-thread-allocator-block-size=16777216"
    "memorysetup-cache-allocator-block-size=4194304"
    "memorysetup-typetree-allocator-block-size=2097152"
    "memorysetup-profiler-bucket-allocator-granularity=16"
    "memorysetup-profiler-bucket-allocator-bucket-count=8"
    "memorysetup-profiler-bucket-allocator-block-size=33554432"
    "memorysetup-profiler-bucket-allocator-block-count=8"
    "memorysetup-profiler-allocator-block-size=16777216"
    "memorysetup-profiler-editor-allocator-block-size=1048576"
    "memorysetup-temp-allocator-size-main=16777216"
    "memorysetup-job-temp-allocator-block-size=2097152"
    "memorysetup-job-temp-allocator-block-size-background=1048576"
    "memorysetup-job-temp-allocator-reduction-small-platforms=262144"
    "memorysetup-allocator-temp-initial-block-size-main=262144"
    "memorysetup-allocator-temp-initial-block-size-worker=262144"
    "memorysetup-temp-allocator-size-background-worker=32768"
    "memorysetup-temp-allocator-size-job-worker=262144"
    "memorysetup-temp-allocator-size-preload-manager=33554432"
    "memorysetup-temp-allocator-size-nav-mesh-worker=65536"
    "memorysetup-temp-allocator-size-audio-worker=65536"
    "memorysetup-temp-allocator-size-cloud-worker=32768"
    "memorysetup-temp-allocator-size-gi-baking-worker=262144"
    "memorysetup-temp-allocator-size-gi-baking-worker=262144"
    "memorysetup-temp-allocator-size-gi-baking-worker=262144"
    "memorysetup-temp-allocator-size-gi-baking-worker=262144"
    "memorysetup-temp-allocator-size-gi-baking-worker=262144"
    "memorysetup-temp-allocator-size-gfx=262144"
Player connection [12420]  Target information:

Player connection [12420]  * "[IP] 192.168.200.105 [Port] 0 [Flags] 2 [Guid] 1886002837 [EditorId] 1886002837 [Version] 1048832 [Id] WindowsEditor(7,DESKTOP-O83DMA8) [Debug] 1 [PackageName] WindowsEditor [ProjectName] Editor" 

Player connection [12420] Host joined multi-casting on [225.0.0.222:54997]...
Player connection [12420] Host joined alternative multi-casting on [225.0.0.222:34997]...
JobSystem: Creating JobQueue using job-worker-count value 7
[Physics::Module] Initialized fallback backend.
[Physics::Module] Id: 0xdecafbad
Library Redirect Path: Library/
[Physics::Module] Selected backend.
[Physics::Module] Name: PhysX
[Physics::Module] Id: 0xf2b8ea05
[Physics::Module] SDK Version: 4.1.2
[Physics::Module] Integration Version: 1.0.0
[Physics::Module] Threading Mode: Multi-Threaded
Refreshing native plugins compatible for Editor in 0.00 ms, found 0 plugins.
Preloading 0 native plugins for Editor in 0.00 ms.
Initialize engine version: 6000.0.28f1 (f336aca0cab5)
[Subsystems] Discovering subsystems at path C:/Program Files/Unity/Hub/Editor/6000.0.28f1/Editor/Data/Resources/UnitySubsystems
[Subsystems] Discovering subsystems at path D:/UnityPrjs/2dPltfrmr/3DPrjct_SpaceShooter/Assets
GfxDevice: creating device client; kGfxThreadingModeNonThreaded
Direct3D:
    Version:  Direct3D 11.0 [level 11.1]
    Renderer: NVIDIA GeForce RTX 4050 Laptop GPU (ID=0x28e1)
    Vendor:   NVIDIA
    VRAM:     5921 MB
    Driver:   32.0.15.5597
Initialize mono
Mono path[0] = 'C:/Program Files/Unity/Hub/Editor/6000.0.28f1/Editor/Data/Managed'
Mono path[1] = 'C:/Program Files/Unity/Hub/Editor/6000.0.28f1/Editor/Data/MonoBleedingEdge/lib/mono/unityjit-win32'
Mono config path = 'C:/Program Files/Unity/Hub/Editor/6000.0.28f1/Editor/Data/MonoBleedingEdge/etc'
Using monoOptions --debugger-agent=transport=dt_socket,embedding=1,server=y,suspend=n,address=127.0.0.1:56476
Begin MonoManager ReloadAssembly
Registering precompiled unity dll's ...
Register platform support module: C:/Program Files/Unity/Hub/Editor/6000.0.28f1/Editor/Data/PlaybackEngines/WebGLSupport/UnityEditor.WebGL.Extensions.dll
Register platform support module: C:/Program Files/Unity/Hub/Editor/6000.0.28f1/Editor/Data/PlaybackEngines/WindowsStandaloneSupport/UnityEditor.WindowsStandalone.Extensions.dll
Registered in 0.003420 seconds.
- Loaded All Assemblies, in  0.352 seconds
Native extension for WindowsStandalone target not found
Native extension for WebGL target not found
Mono: successfully reloaded assembly
- Finished resetting the current domain, in  0.319 seconds
Domain Reload Profiling: 669ms
	BeginReloadAssembly (122ms)
		ExecutionOrderSort (0ms)
		DisableScriptedObjects (0ms)
		BackupInstance (0ms)
		ReleaseScriptingObjects (0ms)
		CreateAndSetChildDomain (1ms)
	RebuildCommonClasses (35ms)
	RebuildNativeTypeToScriptingClass (10ms)
	initialDomainReloadingComplete (48ms)
	LoadAllAssembliesAndSetupDomain (135ms)
		LoadAssemblies (118ms)
		RebuildTransferFunctionScriptingTraits (0ms)
		AnalyzeDomain (132ms)
			TypeCache.Refresh (131ms)
				TypeCache.ScanAssembly (119ms)
			BuildScriptInfoCaches (0ms)
			ResolveRequiredComponents (0ms)
	FinalizeReload (320ms)
		ReleaseScriptCaches (0ms)
		RebuildScriptCaches (0ms)
		SetupLoadedEditorAssemblies (286ms)
			LogAssemblyErrors (0ms)
			InitializePlatformSupportModulesInManaged (27ms)
			SetLoadedEditorAssemblies (4ms)
			BeforeProcessingInitializeOnLoad (8ms)
			ProcessInitializeOnLoadAttributes (178ms)
			ProcessInitializeOnLoadMethodAttributes (65ms)
			AfterProcessingInitializeOnLoad (4ms)
			EditorAssembliesLoaded (0ms)
		ExecutionOrderSort2 (0ms)
		AwakeInstancesAfterBackupRestoration (0ms)
========================================================================
Worker process is ready to serve import requests
Import Worker Mode flag is 0x00
Begin MonoManager ReloadAssembly
- Loaded All Assemblies, in  0.455 seconds
Refreshing native plugins compatible for Editor in 0.00 ms, found 0 plugins.
Native extension for WindowsStandalone target not found
Native extension for WebGL target not found
Mono: successfully reloaded assembly
- Finished resetting the current domain, in  0.416 seconds
Domain Reload Profiling: 870ms
	BeginReloadAssembly (382ms)
		ExecutionOrderSort (0ms)
		DisableScriptedObjects (6ms)
		BackupInstance (0ms)
		ReleaseScriptingObjects (0ms)
		CreateAndSetChildDomain (37ms)
	RebuildCommonClasses (31ms)
	RebuildNativeTypeToScriptingClass (10ms)
	initialDomainReloadingComplete (20ms)
	LoadAllAssembliesAndSetupDomain (11ms)
		LoadAssemblies (92ms)
		RebuildTransferFunctionScriptingTraits (0ms)
		AnalyzeDomain (8ms)
			TypeCache.Refresh (5ms)
				TypeCache.ScanAssembly (2ms)
			BuildScriptInfoCaches (1ms)
			ResolveRequiredComponents (0ms)
	FinalizeReload (417ms)
		ReleaseScriptCaches (0ms)
		RebuildScriptCaches (0ms)
		SetupLoadedEditorAssemblies (204ms)
			LogAssemblyErrors (0ms)
			InitializePlatformSupportModulesInManaged (3ms)
			SetLoadedEditorAssemblies (3ms)
			BeforeProcessingInitializeOnLoad (13ms)
			ProcessInitializeOnLoadAttributes (141ms)
			ProcessInitializeOnLoadMethodAttributes (34ms)
			AfterProcessingInitializeOnLoad (10ms)
			EditorAssembliesLoaded (0ms)
		ExecutionOrderSort2 (0ms)
		AwakeInstancesAfterBackupRestoration (9ms)
Launched and connected shader compiler UnityShaderCompiler.exe after 0.01 seconds
Refreshing native plugins compatible for Editor in 0.00 ms, found 0 plugins.
Preloading 0 native plugins for Editor in 0.00 ms.
Unloading 7 Unused Serialized files (Serialized files now loaded: 0)
Unloading 66 unused Assets / (73.3 KB). Loaded Objects now: 663.
Memory consumption went from 83.1 MB to 83.0 MB.
Total: 4.017500 ms (FindLiveObjects: 0.062200 ms CreateObjectMapping: 0.010900 ms MarkObjects: 3.820800 ms  DeleteObjects: 0.122200 ms)

========================================================================
Received Import Request.
  Time since last request: 5408.762027 seconds.
  path: Assets
  artifactKey: Guid(00000000000000001000000000000000) Importer(815301076,1909f56bfc062723c751e8b465ee728b)
Start importing Assets using Guid(00000000000000001000000000000000) Importer(815301076,1909f56bfc062723c751e8b465ee728b) (PreviewImporter) -> (artifact id: 'c391582d739b6e62a5220f35cbb167ac') in 0.0071053 seconds
Number of updated asset objects reloaded before import = 0Number of asset objects unloaded after import = 0

========================================================================
Received Import Request.
  Time since last request: 9.895379 seconds.
  path: Assets/Scripts
  artifactKey: Guid(1f136dd4f5490294b8bfef71c8b1ff75) Importer(815301076,1909f56bfc062723c751e8b465ee728b)
Start importing Assets/Scripts using Guid(1f136dd4f5490294b8bfef71c8b1ff75) Importer(815301076,1909f56bfc062723c751e8b465ee728b) (PreviewImporter) -> (artifact id: '07ffd4cbb07ee7e7c399756adbf10716') in 0.0006345 seconds
Number of updated asset objects reloaded before import = 0Number of asset objects unloaded after import = 0

========================================================================
Received Prepare
Refreshing native plugins compatible for Editor in 0.00 ms, found 0 plugins.
Preloading 0 native plugins for Editor in 0.00 ms.
Unloading 0 Unused Serialized files (Serialized files now loaded: 0)
Unloading 65 unused Assets / (1.0 KB). Loaded Objects now: 666.
Memory consumption went from 81.4 MB to 81.4 MB.
Total: 6.800700 ms (FindLiveObjects: 0.061900 ms CreateObjectMapping: 0.009100 ms MarkObjects: 6.678500 ms  DeleteObjects: 0.049500 ms)

Prepare: number of updated asset objects reloaded= 0
========================================================================
Received Import Request.
  Time since last request: 19.304817 seconds.
  path: Assets/Scripts/PlayerController.cs
  artifactKey: Guid(a48137258656ee84894acd241fa81c80) Importer(815301076,1909f56bfc062723c751e8b465ee728b)
Start importing Assets/Scripts/PlayerController.cs using Guid(a48137258656ee84894acd241fa81c80) Importer(815301076,1909f56bfc062723c751e8b465ee728b) (PreviewImporter) -> (artifact id: '772194f476e948ddf5971925ea676c5d') in 0.0014778 seconds
Number of updated asset objects reloaded before import = 0Number of asset objects unloaded after import = 0

========================================================================
Received Prepare
Begin MonoManager ReloadAssembly
- Loaded All Assemblies, in  0.351 seconds
Refreshing native plugins compatible for Editor in 0.00 ms, found 0 plugins.
Native extension for WindowsStandalone target not found
Native extension for WebGL target not found
Mono: successfully reloaded assembly
- Finished resetting the current domain, in  0.652 seconds
Domain Reload Profiling: 1001ms
	BeginReloadAssembly (230ms)
		ExecutionOrderSort (0ms)
		DisableScriptedObjects (9ms)
		BackupInstance (0ms)
		ReleaseScriptingObjects (0ms)
		CreateAndSetChildDomain (40ms)
	RebuildCommonClasses (52ms)
	RebuildNativeTypeToScriptingClass (17ms)
	initialDomainReloadingComplete (29ms)
	LoadAllAssembliesAndSetupDomain (21ms)
		LoadAssemblies (144ms)
		RebuildTransferFunctionScriptingTraits (0ms)
		AnalyzeDomain (15ms)
			TypeCache.Refresh (8ms)
				TypeCache.ScanAssembly (1ms)
			BuildScriptInfoCaches (4ms)
			ResolveRequiredComponents (1ms)
	FinalizeReload (652ms)
		ReleaseScriptCaches (0ms)
		RebuildScriptCaches (0ms)
		SetupLoadedEditorAssemblies (325ms)
			LogAssemblyErrors (0ms)
			InitializePlatformSupportModulesInManaged (6ms)
			SetLoadedEditorAssemblies (6ms)
			BeforeProcessingInitializeOnLoad (26ms)
			ProcessInitializeOnLoadAttributes (223ms)
			ProcessInitializeOnLoadMethodAttributes (43ms)
			AfterProcessingInitializeOnLoad (22ms)
			EditorAssembliesLoaded (0ms)
		ExecutionOrderSort2 (0ms)
		AwakeInstancesAfterBackupRestoration (12ms)
Refreshing native plugins compatible for Editor in 0.00 ms, found 0 plugins.
Preloading 0 native plugins for Editor in 0.00 ms.
Unloading 0 Unused Serialized files (Serialized files now loaded: 0)
Unloading 65 unused Assets / (1.0 KB). Loaded Objects now: 666.
Memory consumption went from 81.2 MB to 81.2 MB.
Total: 6.472700 ms (FindLiveObjects: 0.087800 ms CreateObjectMapping: 0.011500 ms MarkObjects: 6.314200 ms  DeleteObjects: 0.057600 ms)

Prepare: number of updated asset objects reloaded= 0
========================================================================
Received Import Request.
  Time since last request: 6.223680 seconds.
  path: Assets/Scripts/PlayerController.cs
  artifactKey: Guid(a48137258656ee84894acd241fa81c80) Importer(815301076,1909f56bfc062723c751e8b465ee728b)
Start importing Assets/Scripts/PlayerController.cs using Guid(a48137258656ee84894acd241fa81c80) Importer(815301076,1909f56bfc062723c751e8b465ee728b) (PreviewImporter) -> (artifact id: '51bc09870a34a8dbaba3ff96c1fb40b1') in 0.0030526 seconds
Number of updated asset objects reloaded before import = 0Number of asset objects unloaded after import = 0

========================================================================
Received Prepare
Begin MonoManager ReloadAssembly
- Loaded All Assemblies, in  0.250 seconds
Refreshing native plugins compatible for Editor in 0.00 ms, found 0 plugins.
Native extension for WindowsStandalone target not found
Native extension for WebGL target not found
Mono: successfully reloaded assembly
- Finished resetting the current domain, in  0.434 seconds
Domain Reload Profiling: 683ms
	BeginReloadAssembly (163ms)
		ExecutionOrderSort (0ms)
		DisableScriptedObjects (7ms)
		BackupInstance (0ms)
		ReleaseScriptingObjects (0ms)
		CreateAndSetChildDomain (32ms)
	RebuildCommonClasses (37ms)
	RebuildNativeTypeToScriptingClass (12ms)
	initialDomainReloadingComplete (22ms)
	LoadAllAssembliesAndSetupDomain (14ms)
		LoadAssemblies (97ms)
		RebuildTransferFunctionScriptingTraits (0ms)
		AnalyzeDomain (10ms)
			TypeCache.Refresh (5ms)
				TypeCache.ScanAssembly (0ms)
			BuildScriptInfoCaches (3ms)
			ResolveRequiredComponents (0ms)
	FinalizeReload (435ms)
		ReleaseScriptCaches (0ms)
		RebuildScriptCaches (0ms)
		SetupLoadedEditorAssemblies (213ms)
			LogAssemblyErrors (0ms)
			InitializePlatformSupportModulesInManaged (3ms)
			SetLoadedEditorAssemblies (4ms)
			BeforeProcessingInitializeOnLoad (17ms)
			ProcessInitializeOnLoadAttributes (143ms)
			ProcessInitializeOnLoadMethodAttributes (33ms)
			AfterProcessingInitializeOnLoad (13ms)
			EditorAssembliesLoaded (0ms)
		ExecutionOrderSort2 (0ms)
		AwakeInstancesAfterBackupRestoration (8ms)
Refreshing native plugins compatible for Editor in 0.00 ms, found 0 plugins.
Preloading 0 native plugins for Editor in 0.00 ms.
Unloading 0 Unused Serialized files (Serialized files now loaded: 0)
Unloading 65 unused Assets / (1.0 KB). Loaded Objects now: 666.
Memory consumption went from 81.2 MB to 81.2 MB.
Total: 4.451000 ms (FindLiveObjects: 0.061600 ms CreateObjectMapping: 0.009200 ms MarkObjects: 4.341400 ms  DeleteObjects: 0.037600 ms)

Prepare: number of updated asset objects reloaded= 0
========================================================================
Received Import Request.
  Time since last request: 60.068425 seconds.
  path: Assets/Scripts/PlayerController.cs
  artifactKey: Guid(a48137258656ee84894acd241fa81c80) Importer(815301076,1909f56bfc062723c751e8b465ee728b)
Start importing Assets/Scripts/PlayerController.cs using Guid(a48137258656ee84894acd241fa81c80) Importer(815301076,1909f56bfc062723c751e8b465ee728b) (PreviewImporter) -> (artifact id: 'aca47dc01738767312f1b04cb3ac7dc5') in 0.002087 seconds
Number of updated asset objects reloaded before import = 0Number of asset objects unloaded after import = 0

========================================================================
Received Import Request.
  Time since last request: 25.145643 seconds.
  path: Assets/InputSystem_Actions.inputactions
  artifactKey: Guid(052faaac586de48259a63d0c4782560b) Importer(2089858483,192608db42251d675da83286b1cce702)
Start importing Assets/InputSystem_Actions.inputactions using Guid(052faaac586de48259a63d0c4782560b) Importer(2089858483,192608db42251d675da83286b1cce702) (ScriptedImporter) -> (artifact id: 'c6a5b0095eee9dea94fe65fe68bafb40') in 0.0773413 seconds
Number of updated asset objects reloaded before import = 0Number of asset objects unloaded after import = 1

========================================================================
Received Import Request.
  Time since last request: 0.000061 seconds.
  path: Assets/Stars/Textures/part_spark_small_dff.tif
  artifactKey: Guid(a7b217294221662409196d103be161dc) Importer(2089858483,192608db42251d675da83286b1cce702)
Start importing Assets/Stars/Textures/part_spark_small_dff.tif using Guid(a7b217294221662409196d103be161dc) Importer(2089858483,192608db42251d675da83286b1cce702) (ScriptedImporter) -> (artifact id: 'c8a8fe5255cf5dd94acc3cd44e6eefa1') in 0.0621585 seconds
Number of updated asset objects reloaded before import = 0Number of asset objects unloaded after import = 1

========================================================================
Received Import Request.
  Time since last request: 0.000047 seconds.
  path: Assets/Stars/Explosions/explosion_asteroid.prefab
  artifactKey: Guid(2857e183f4cd3df4e9096e5b578bd32f) Importer(2089858483,192608db42251d675da83286b1cce702)
Start importing Assets/Stars/Explosions/explosion_asteroid.prefab using Guid(2857e183f4cd3df4e9096e5b578bd32f) Importer(2089858483,192608db42251d675da83286b1cce702) (ScriptedImporter) -> (artifact id: 'dc1592afdc5853795226bed29bbbf1ec') in 0.0795855 seconds
Number of updated asset objects reloaded before import = 0Number of asset objects unloaded after import = 18

========================================================================
Received Import Request.
  Time since last request: 0.000018 seconds.
  path: Assets/Stars/Engines/engines_player.prefab
  artifactKey: Guid(62ea8a5ca94c546f29ba6dea8f379a7b) Importer(2089858483,192608db42251d675da83286b1cce702)
Start importing Assets/Stars/Engines/engines_player.prefab using Guid(62ea8a5ca94c546f29ba6dea8f379a7b) Importer(2089858483,192608db42251d675da83286b1cce702) (ScriptedImporter) -> (artifact id: 'b8ce0b2edfb63f6ff706c290adb6f606') in 0.005567 seconds
Number of updated asset objects reloaded before import = 0Number of asset objects unloaded after import = 12

========================================================================
Received Import Request.
  Time since last request: 0.000019 seconds.
  path: Assets/Stars/Engines/engines_enemy.prefab
  artifactKey: Guid(93bdcaae53f95461785a8eeb8c01bc61) Importer(2089858483,192608db42251d675da83286b1cce702)
Start importing Assets/Stars/Engines/engines_enemy.prefab using Guid(93bdcaae53f95461785a8eeb8c01bc61) Importer(2089858483,192608db42251d675da83286b1cce702) (ScriptedImporter) -> (artifact id: 'e05de5176c0ed7939c6b63115d9355d4') in 0.02757 seconds
Number of updated asset objects reloaded before import = 0Number of asset objects unloaded after import = 6

========================================================================
Received Import Request.
  Time since last request: 0.000015 seconds.
  path: Assets/Stars/Material/prop_asteroid_02_mat.mat
  artifactKey: Guid(2f8ace9a7e5026441ac656027699b058) Importer(2089858483,192608db42251d675da83286b1cce702)
Start importing Assets/Stars/Material/prop_asteroid_02_mat.mat using Guid(2f8ace9a7e5026441ac656027699b058) Importer(2089858483,192608db42251d675da83286b1cce702) (ScriptedImporter) -> (artifact id: '7a6a39a984c41f104976003f7b30b70d') in 0.0205224 seconds
Number of updated asset objects reloaded before import = 0Number of asset objects unloaded after import = 1

========================================================================
Received Import Request.
  Time since last request: 0.000044 seconds.
  path: Assets/Stars/prop_asteroid_03.FBX
  artifactKey: Guid(85766664725f1134d9a0800869c989c7) Importer(2089858483,192608db42251d675da83286b1cce702)
Start importing Assets/Stars/prop_asteroid_03.FBX using Guid(85766664725f1134d9a0800869c989c7) Importer(2089858483,192608db42251d675da83286b1cce702) (ScriptedImporter) -> (artifact id: '8e591af4bafcb6e990086a92d445ebf0') in 0.0309401 seconds
Number of updated asset objects reloaded before import = 0Number of asset objects unloaded after import = 8

========================================================================
Received Import Request.
  Time since last request: 0.000019 seconds.
  path: Assets/Stars/Textures/tile_nebula_green_dff.tif
  artifactKey: Guid(46626c40fd0971d429309cd7e1aa1d8e) Importer(2089858483,192608db42251d675da83286b1cce702)
Start importing Assets/Stars/Textures/tile_nebula_green_dff.tif using Guid(46626c40fd0971d429309cd7e1aa1d8e) Importer(2089858483,192608db42251d675da83286b1cce702) (ScriptedImporter) -> (artifact id: 'ffebdc40506bca9d7436e2e2c93637a1') in 0.0094442 seconds
Number of updated asset objects reloaded before import = 0Number of asset objects unloaded after import = 1

========================================================================
Received Import Request.
  Time since last request: 0.000049 seconds.
  path: Assets/Scenes/SampleScene.unity
  artifactKey: Guid(99c9720ab356a0642a771bea13969a05) Importer(2089858483,192608db42251d675da83286b1cce702)
Start importing Assets/Scenes/SampleScene.unity using Guid(99c9720ab356a0642a771bea13969a05) Importer(2089858483,192608db42251d675da83286b1cce702) (ScriptedImporter) -> (artifact id: 'aef038d44ef4e3ac8741e1594f16dadd') in 0.0030352 seconds
Number of updated asset objects reloaded before import = 0Number of asset objects unloaded after import = 1

========================================================================
Received Import Request.
  Time since last request: 0.000029 seconds.
  path: Assets/Stars/Material/part_spark_blue_mat.mat
  artifactKey: Guid(20e97470f604f5e4ca2000e9a91850e1) Importer(2089858483,192608db42251d675da83286b1cce702)
Start importing Assets/Stars/Material/part_spark_blue_mat.mat using Guid(20e97470f604f5e4ca2000e9a91850e1) Importer(2089858483,192608db42251d675da83286b1cce702) (ScriptedImporter) -> (artifact id: '874e72257c0c30cc4e6169a5212448bc') in 0.0052859 seconds
Number of updated asset objects reloaded before import = 0Number of asset objects unloaded after import = 1

========================================================================
Received Import Request.
  Time since last request: 0.000022 seconds.
  path: Assets/Stars/Textures/fx_lazer_orange_dff.tif
  artifactKey: Guid(2ce732050d4b84845a02578bf5e42669) Importer(2089858483,192608db42251d675da83286b1cce702)
Start importing Assets/Stars/Textures/fx_lazer_orange_dff.tif using Guid(2ce732050d4b84845a02578bf5e42669) Importer(2089858483,192608db42251d675da83286b1cce702) (ScriptedImporter) -> (artifact id: '638430d6351727780cf7209e3a5d8460') in 0.0094457 seconds
Number of updated asset objects reloaded before import = 0Number of asset objects unloaded after import = 1

========================================================================
Received Import Request.
  Time since last request: 0.000061 seconds.
  path: Assets/Stars/Material/part_star_mat.mat
  artifactKey: Guid(a6b889551e33e2742bffa47c94f29f7f) Importer(2089858483,192608db42251d675da83286b1cce702)
Start importing Assets/Stars/Material/part_star_mat.mat using Guid(a6b889551e33e2742bffa47c94f29f7f) Importer(2089858483,192608db42251d675da83286b1cce702) (ScriptedImporter) -> (artifact id: 'e22e44a9ebd901c42a0d27f39c206c33') in 0.0035907 seconds
Number of updated asset objects reloaded before import = 0Number of asset objects unloaded after import = 1

========================================================================
Received Import Request.
  Time since last request: 0.000020 seconds.
  path: Assets/Stars/Material/vehicle_enemyShip_metal_mat.mat
  artifactKey: Guid(c0e3da69b57725246a16d8281501ceb0) Importer(2089858483,192608db42251d675da83286b1cce702)
Start importing Assets/Stars/Material/vehicle_enemyShip_metal_mat.mat using Guid(c0e3da69b57725246a16d8281501ceb0) Importer(2089858483,192608db42251d675da83286b1cce702) (ScriptedImporter) -> (artifact id: 'f1ad5c69c50b94a12c576c4a433f90bb') in 0.0037954 seconds
Number of updated asset objects reloaded before import = 0Number of asset objects unloaded after import = 1

========================================================================
Received Import Request.
  Time since last request: 0.000022 seconds.
  path: Assets/Stars/Material/part_jet_flare_mat.mat
  artifactKey: Guid(5fdc302865ba7a64783e63f4a4b3563c) Importer(2089858483,192608db42251d675da83286b1cce702)
Start importing Assets/Stars/Material/part_jet_flare_mat.mat using Guid(5fdc302865ba7a64783e63f4a4b3563c) Importer(2089858483,192608db42251d675da83286b1cce702) (ScriptedImporter) -> (artifact id: '2e0358a2684d45de300d5e7d4711de99') in 0.0041072 seconds
Number of updated asset objects reloaded before import = 0Number of asset objects unloaded after import = 1

========================================================================
Received Import Request.
  Time since last request: 0.000040 seconds.
  path: Assets/Stars/Audio/explosion_enemy.wav
  artifactKey: Guid(72e76810224064300b7d32e8322a5d12) Importer(2089858483,192608db42251d675da83286b1cce702)
Start importing Assets/Stars/Audio/explosion_enemy.wav using Guid(72e76810224064300b7d32e8322a5d12) Importer(2089858483,192608db42251d675da83286b1cce702) (ScriptedImporter) -> (artifact id: '0eb814a5c046be057ce19225b6889c02') in 0.0282051 seconds
Number of updated asset objects reloaded before import = 0Number of asset objects unloaded after import = 1

========================================================================
Received Import Request.
  Time since last request: 0.000023 seconds.
  path: Assets/Stars/Material/vehicle_playerShip_metal_mat.mat
  artifactKey: Guid(c2bbaad65f5469a45942833041b485c9) Importer(2089858483,192608db42251d675da83286b1cce702)
Start importing Assets/Stars/Material/vehicle_playerShip_metal_mat.mat using Guid(c2bbaad65f5469a45942833041b485c9) Importer(2089858483,192608db42251d675da83286b1cce702) (ScriptedImporter) -> (artifact id: 'd2bfa9f020a2b89414cf6e7accb5b98a') in 0.0050393 seconds
Number of updated asset objects reloaded before import = 0Number of asset objects unloaded after import = 1

========================================================================
Received Import Request.
  Time since last request: 0.000027 seconds.
  path: Assets/Stars/Textures/part_jet_core_dff.tif
  artifactKey: Guid(d2c9598c819745049b9429529d001842) Importer(2089858483,192608db42251d675da83286b1cce702)
Start importing Assets/Stars/Textures/part_jet_core_dff.tif using Guid(d2c9598c819745049b9429529d001842) Importer(2089858483,192608db42251d675da83286b1cce702) (ScriptedImporter) -> (artifact id: '5e12a956f612b4367f192717fad83e88') in 0.0084848 seconds
Number of updated asset objects reloaded before import = 0Number of asset objects unloaded after import = 1

========================================================================
Received Import Request.
  Time since last request: 0.000040 seconds.
  path: Assets/Stars/Textures/prop_asteroid_03_nrm.tif
  artifactKey: Guid(1f663d435a58f7f49b934f3261c3ce1e) Importer(2089858483,192608db42251d675da83286b1cce702)
Start importing Assets/Stars/Textures/prop_asteroid_03_nrm.tif using Guid(1f663d435a58f7f49b934f3261c3ce1e) Importer(2089858483,192608db42251d675da83286b1cce702) (ScriptedImporter) -> (artifact id: 'f9ba9e2d557b9edb57652867903725d7') in 0.0123236 seconds
Number of updated asset objects reloaded before import = 0Number of asset objects unloaded after import = 1

========================================================================
Received Import Request.
  Time since last request: 0.000046 seconds.
  path: Assets/Stars/Textures/prop_asteroid_02_dff.tif
  artifactKey: Guid(1b7a998afb04eec48825bff8873c8d6d) Importer(2089858483,192608db42251d675da83286b1cce702)
Start importing Assets/Stars/Textures/prop_asteroid_02_dff.tif using Guid(1b7a998afb04eec48825bff8873c8d6d) Importer(2089858483,192608db42251d675da83286b1cce702) (ScriptedImporter) -> (artifact id: '5ed126c0960b7bbb85bb22c861b833a0') in 0.0099669 seconds
Number of updated asset objects reloaded before import = 0Number of asset objects unloaded after import = 1

========================================================================
Received Import Request.
  Time since last request: 0.000034 seconds.
  path: Assets/Settings/Mobile_Renderer.asset
  artifactKey: Guid(65bc7dbf4170f435aa868c779acfb082) Importer(2089858483,192608db42251d675da83286b1cce702)
Start importing Assets/Settings/Mobile_Renderer.asset using Guid(65bc7dbf4170f435aa868c779acfb082) Importer(2089858483,192608db42251d675da83286b1cce702) (ScriptedImporter) -> (artifact id: '4cefa17ccfa6574d7f40a878d98af135') in 0.0023139 seconds
Number of updated asset objects reloaded before import = 0Number of asset objects unloaded after import = 1

========================================================================
Received Import Request.
  Time since last request: 0.000019 seconds.
  path: Assets/Stars/Textures/vehicle_playerShip_orange_nrm.tif
  artifactKey: Guid(0739c9ebd7a195f41b168de8aa302c09) Importer(2089858483,192608db42251d675da83286b1cce702)
Start importing Assets/Stars/Textures/vehicle_playerShip_orange_nrm.tif using Guid(0739c9ebd7a195f41b168de8aa302c09) Importer(2089858483,192608db42251d675da83286b1cce702) (ScriptedImporter) -> (artifact id: '7419026750a209fd0190eb871e4ae44f') in 0.0083914 seconds
Number of updated asset objects reloaded before import = 0Number of asset objects unloaded after import = 1

========================================================================
Received Import Request.
  Time since last request: 0.000019 seconds.
  path: Assets/Stars/Material/part_blast_mat.mat
  artifactKey: Guid(4b53c99970c76bf45b670b1caf610b0f) Importer(2089858483,192608db42251d675da83286b1cce702)
Start importing Assets/Stars/Material/part_blast_mat.mat using Guid(4b53c99970c76bf45b670b1caf610b0f) Importer(2089858483,192608db42251d675da83286b1cce702) (ScriptedImporter) -> (artifact id: '29ee13c7ac98dfea6ebf26d65326dbf5') in 0.0043303 seconds
Number of updated asset objects reloaded before import = 0Number of asset objects unloaded after import = 1

========================================================================
Received Import Request.
  Time since last request: 0.000042 seconds.
  path: Assets/Stars/Textures/part_jet_flare_dff.tif
  artifactKey: Guid(4afc21439a0720a4ab0aad82dc5114ef) Importer(2089858483,192608db42251d675da83286b1cce702)
Start importing Assets/Stars/Textures/part_jet_flare_dff.tif using Guid(4afc21439a0720a4ab0aad82dc5114ef) Importer(2089858483,192608db42251d675da83286b1cce702) (ScriptedImporter) -> (artifact id: 'a82d2f92bb3b7dd0e1e0456fadc623d9') in 0.0067622 seconds
Number of updated asset objects reloaded before import = 0Number of asset objects unloaded after import = 1

========================================================================
Received Import Request.
  Time since last request: 0.000034 seconds.
  path: Assets/Settings/SampleSceneProfile.asset
  artifactKey: Guid(10fc4df2da32a41aaa32d77bc913491c) Importer(2089858483,192608db42251d675da83286b1cce702)
Start importing Assets/Settings/SampleSceneProfile.asset using Guid(10fc4df2da32a41aaa32d77bc913491c) Importer(2089858483,192608db42251d675da83286b1cce702) (ScriptedImporter) -> (artifact id: '465acf098ce8029c6c0cb2d977cc0e4d') in 0.0030314 seconds
Number of updated asset objects reloaded before import = 0Number of asset objects unloaded after import = 1

========================================================================
Received Import Request.
  Time since last request: 0.000031 seconds.
  path: Assets/Stars/Textures/prop_asteroid_01_nrm.tif
  artifactKey: Guid(2bfad326d1c63bc44b24b35ccd7fb592) Importer(2089858483,192608db42251d675da83286b1cce702)
Start importing Assets/Stars/Textures/prop_asteroid_01_nrm.tif using Guid(2bfad326d1c63bc44b24b35ccd7fb592) Importer(2089858483,192608db42251d675da83286b1cce702) (ScriptedImporter) -> (artifact id: 'e4c794d5b66eae8fde7ae881c7196085') in 0.0070209 seconds
Number of updated asset objects reloaded before import = 0Number of asset objects unloaded after import = 1

========================================================================
Received Import Request.
  Time since last request: 0.000031 seconds.
  path: Assets/Stars/Audio/weapon_player.wav
  artifactKey: Guid(bf75b984df8a84987bcf3a8bf6e2862d) Importer(2089858483,192608db42251d675da83286b1cce702)
Start importing Assets/Stars/Audio/weapon_player.wav using Guid(bf75b984df8a84987bcf3a8bf6e2862d) Importer(2089858483,192608db42251d675da83286b1cce702) (ScriptedImporter) -> (artifact id: '9afd7338dc839e786aa1144733f36ed1') in 0.0228917 seconds
Number of updated asset objects reloaded before import = 0Number of asset objects unloaded after import = 1

========================================================================
Received Import Request.
  Time since last request: 0.000021 seconds.
  path: Assets/Stars/vehicle_playerShip.FBX
  artifactKey: Guid(8fb339cf3ec46cc44ac15d0c4609e7b2) Importer(2089858483,192608db42251d675da83286b1cce702)
Start importing Assets/Stars/vehicle_playerShip.FBX using Guid(8fb339cf3ec46cc44ac15d0c4609e7b2) Importer(2089858483,192608db42251d675da83286b1cce702) (ScriptedImporter) -> (artifact id: '34993a9aa56a473e8d3aa7ed61d391a9') in 0.0244511 seconds
Number of updated asset objects reloaded before import = 0Number of asset objects unloaded after import = 9

========================================================================
Received Import Request.
  Time since last request: 0.000033 seconds.
  path: Assets/Stars/Material/vehicle_enemyShip_glow_mat.mat
  artifactKey: Guid(b2a8c706c0f217642b2672665d12d932) Importer(2089858483,192608db42251d675da83286b1cce702)
Start importing Assets/Stars/Material/vehicle_enemyShip_glow_mat.mat using Guid(b2a8c706c0f217642b2672665d12d932) Importer(2089858483,192608db42251d675da83286b1cce702) (ScriptedImporter) -> (artifact id: 'f55b91f670e56793881ce6a41789ce23') in 0.0041646 seconds
Number of updated asset objects reloaded before import = 0Number of asset objects unloaded after import = 1

========================================================================
Received Import Request.
  Time since last request: 0.000057 seconds.
  path: Assets/Stars/Material/part_jet_core_mat.mat
  artifactKey: Guid(7bdad557dcb12c2429b9174d9c5be50e) Importer(2089858483,192608db42251d675da83286b1cce702)
Start importing Assets/Stars/Material/part_jet_core_mat.mat using Guid(7bdad557dcb12c2429b9174d9c5be50e) Importer(2089858483,192608db42251d675da83286b1cce702) (ScriptedImporter) -> (artifact id: '5c7f849d3855d1def7e14b87dfa807a3') in 0.003261 seconds
Number of updated asset objects reloaded before import = 0Number of asset objects unloaded after import = 1

========================================================================
Received Import Request.
  Time since last request: 0.000031 seconds.
  path: Assets/Stars/Material/fx_bolt_orange.mat
  artifactKey: Guid(bb88a194fe3cd57459185516efed96b5) Importer(2089858483,192608db42251d675da83286b1cce702)
Start importing Assets/Stars/Material/fx_bolt_orange.mat using Guid(bb88a194fe3cd57459185516efed96b5) Importer(2089858483,192608db42251d675da83286b1cce702) (ScriptedImporter) -> (artifact id: '7b24902dd8417fd68e03147900148e10') in 0.0032167 seconds
Number of updated asset objects reloaded before import = 0Number of asset objects unloaded after import = 1

========================================================================
Received Import Request.
  Time since last request: 0.000037 seconds.
  path: Assets/Settings/PC_Renderer.asset
  artifactKey: Guid(f288ae1f4751b564a96ac7587541f7a2) Importer(2089858483,192608db42251d675da83286b1cce702)
Start importing Assets/Settings/PC_Renderer.asset using Guid(f288ae1f4751b564a96ac7587541f7a2) Importer(2089858483,192608db42251d675da83286b1cce702) (ScriptedImporter) -> (artifact id: '10c369bed35987088e18aa2fcc9f757f') in 0.0024117 seconds
Number of updated asset objects reloaded before import = 0Number of asset objects unloaded after import = 1

========================================================================
Received Import Request.
  Time since last request: 0.000022 seconds.
  path: Assets/Stars/Textures/vehicle_enemyShip_red_dff.tif
  artifactKey: Guid(5dbc749cc4d60b045baf3006eae625c2) Importer(2089858483,192608db42251d675da83286b1cce702)
Start importing Assets/Stars/Textures/vehicle_enemyShip_red_dff.tif using Guid(5dbc749cc4d60b045baf3006eae625c2) Importer(2089858483,192608db42251d675da83286b1cce702) (ScriptedImporter) -> (artifact id: '2a10eb42a91060deacbc7871774bb2cb') in 0.0090602 seconds
Number of updated asset objects reloaded before import = 0Number of asset objects unloaded after import = 1

========================================================================
Received Import Request.
  Time since last request: 0.000033 seconds.
  path: Assets/TutorialInfo/Scripts/Editor/ReadmeEditor.cs
  artifactKey: Guid(476cc7d7cd9874016adc216baab94a0a) Importer(2089858483,192608db42251d675da83286b1cce702)
Start importing Assets/TutorialInfo/Scripts/Editor/ReadmeEditor.cs using Guid(476cc7d7cd9874016adc216baab94a0a) Importer(2089858483,192608db42251d675da83286b1cce702) (ScriptedImporter) -> (artifact id: 'ea56955b7052410e6a77232ec5f879ac') in 0.0030468 seconds
Number of updated asset objects reloaded before import = 0Number of asset objects unloaded after import = 0

========================================================================
Received Import Request.
  Time since last request: 0.000068 seconds.
  path: Assets/Stars/Material/part_spark_white_mat.mat
  artifactKey: Guid(7a2befe6d20cb7f46a1aa1bc1684a186) Importer(2089858483,192608db42251d675da83286b1cce702)
Start importing Assets/Stars/Material/part_spark_white_mat.mat using Guid(7a2befe6d20cb7f46a1aa1bc1684a186) Importer(2089858483,192608db42251d675da83286b1cce702) (ScriptedImporter) -> (artifact id: '2ad32b6ef8e982ecc5d9b79b1aac82b8') in 0.0038055 seconds
Number of updated asset objects reloaded before import = 0Number of asset objects unloaded after import = 1

========================================================================
Received Import Request.
  Time since last request: 0.000061 seconds.
  path: Assets/Stars/Textures/vehicle_playerShip_orange_dff.tif
  artifactKey: Guid(7055dcc43a8f84d44a5ae58f92a2b66c) Importer(2089858483,192608db42251d675da83286b1cce702)
Start importing Assets/Stars/Textures/vehicle_playerShip_orange_dff.tif using Guid(7055dcc43a8f84d44a5ae58f92a2b66c) Importer(2089858483,192608db42251d675da83286b1cce702) (ScriptedImporter) -> (artifact id: '214e15f43bbe9be0dc54e12802ab4a9d') in 0.007555 seconds
Number of updated asset objects reloaded before import = 0Number of asset objects unloaded after import = 1

========================================================================
Received Import Request.
  Time since last request: 0.000050 seconds.
  path: Assets/Settings/UniversalRenderPipelineGlobalSettings.asset
  artifactKey: Guid(18dc0cd2c080841dea60987a38ce93fa) Importer(2089858483,192608db42251d675da83286b1cce702)
Start importing Assets/Settings/UniversalRenderPipelineGlobalSettings.asset using Guid(18dc0cd2c080841dea60987a38ce93fa) Importer(2089858483,192608db42251d675da83286b1cce702) (ScriptedImporter) -> (artifact id: '79c511cdfcf5c4b9d1da7db8bdef5fe3') in 0.0058907 seconds
Number of updated asset objects reloaded before import = 0Number of asset objects unloaded after import = 1

========================================================================
Received Import Request.
  Time since last request: 0.000018 seconds.
  path: Assets/Stars/Explosions/explosion_player.prefab
  artifactKey: Guid(a93496017806b7740910df5fd946f306) Importer(2089858483,192608db42251d675da83286b1cce702)
Start importing Assets/Stars/Explosions/explosion_player.prefab using Guid(a93496017806b7740910df5fd946f306) Importer(2089858483,192608db42251d675da83286b1cce702) (ScriptedImporter) -> (artifact id: 'a48912988c992e07eba311d639fa26c1') in 0.0383761 seconds
Number of updated asset objects reloaded before import = 0Number of asset objects unloaded after import = 30

========================================================================
Received Import Request.
  Time since last request: 0.000022 seconds.
  path: Assets/Stars/Textures/part_star_dff.tif
  artifactKey: Guid(f8fe0655019e1404cbbfdbee2a7ea07c) Importer(2089858483,192608db42251d675da83286b1cce702)
Start importing Assets/Stars/Textures/part_star_dff.tif using Guid(f8fe0655019e1404cbbfdbee2a7ea07c) Importer(2089858483,192608db42251d675da83286b1cce702) (ScriptedImporter) -> (artifact id: '7933bbd13ac3dbf3ff7a300d840654f4') in 0.0079932 seconds
Number of updated asset objects reloaded before import = 0Number of asset objects unloaded after import = 1

========================================================================
Received Import Request.
  Time since last request: 0.000040 seconds.
  path: Assets/Stars/Textures/prop_asteroid_01_dff.tif
  artifactKey: Guid(b7fe51b8a6dd24b409417a1909004c33) Importer(2089858483,192608db42251d675da83286b1cce702)
Start importing Assets/Stars/Textures/prop_asteroid_01_dff.tif using Guid(b7fe51b8a6dd24b409417a1909004c33) Importer(2089858483,192608db42251d675da83286b1cce702) (ScriptedImporter) -> (artifact id: '4028c454978521316ffbac5c0f9fd2b8') in 0.0083928 seconds
Number of updated asset objects reloaded before import = 0Number of asset objects unloaded after import = 1

========================================================================
Received Import Request.
  Time since last request: 45.246254 seconds.
  path: Assets/Scenes/SampleScene.unity
  artifactKey: Guid(99c9720ab356a0642a771bea13969a05) Importer(815301076,1909f56bfc062723c751e8b465ee728b)
Start importing Assets/Scenes/SampleScene.unity using Guid(99c9720ab356a0642a771bea13969a05) Importer(815301076,1909f56bfc062723c751e8b465ee728b) (PreviewImporter) -> (artifact id: '092f7974db3fb175701bdf9959c1e23b') in 0.000684 seconds
Number of updated asset objects reloaded before import = 0Number of asset objects unloaded after import = 0

========================================================================
Received Import Request.
  Time since last request: 25.205005 seconds.
  path: Assets/Scenes/GameScane.unity
  artifactKey: Guid(99c9720ab356a0642a771bea13969a05) Importer(815301076,1909f56bfc062723c751e8b465ee728b)
Start importing Assets/Scenes/GameScane.unity using Guid(99c9720ab356a0642a771bea13969a05) Importer(815301076,1909f56bfc062723c751e8b465ee728b) (PreviewImporter) -> (artifact id: '75a2c54c40c1d2d1a605be2a071c8dd6') in 0.0005673 seconds
Number of updated asset objects reloaded before import = 0Number of asset objects unloaded after import = 0

========================================================================
Received Import Request.
  Time since last request: 0.973540 seconds.
  path: Assets/Scenes/GameScane.unity
  artifactKey: Guid(99c9720ab356a0642a771bea13969a05) Importer(2089858483,192608db42251d675da83286b1cce702)
Start importing Assets/Scenes/GameScane.unity using Guid(99c9720ab356a0642a771bea13969a05) Importer(2089858483,192608db42251d675da83286b1cce702) (ScriptedImporter) -> (artifact id: '4907c99d5ef58a8cef10b57b36accad8') in 0.0028833 seconds
Number of updated asset objects reloaded before import = 0Number of asset objects unloaded after import = 1

