Using pre-set license
Built from '6000.0/staging' branch; Version is '6000.0.28f1 (f336aca0cab5) revision 15939244'; Using compiler version '193933523'; Build Type 'Release'
OS: 'Windows 10  (10.0.19045) 64bit Professional' Language: 'ru' Physical Memory: 16202 MB
BatchMode: 1, IsHumanControllingUs: 0, StartBugReporterOnCrash: 0, Is64bit: 1, IsPro: 1

COMMAND LINE ARGUMENTS:
C:\Program Files\Unity\Hub\Editor\6000.0.28f1\Editor\Unity.exe
-adb2
-batchMode
-noUpm
-name
AssetImportWorker7
-projectPath
D:/UnityPrjs/2dPltfrmr/Platformer2D
-logFile
Logs/AssetImportWorker7.log
-srvPort
49950
-job-worker-count
7
-background-job-worker-count
8
-asset-garbage-collectors
1
Successfully changed project path to: D:/UnityPrjs/2dPltfrmr/Platformer2D
D:/UnityPrjs/2dPltfrmr/Platformer2D
[UnityMemory] Configuration Parameters - Can be set up in boot.config
    "memorysetup-bucket-allocator-granularity=16"
    "memorysetup-bucket-allocator-bucket-count=8"
    "memorysetup-bucket-allocator-block-size=33554432"
    "memorysetup-bucket-allocator-block-count=8"
    "memorysetup-main-allocator-block-size=16777216"
    "memorysetup-thread-allocator-block-size=16777216"
    "memorysetup-gfx-main-allocator-block-size=16777216"
    "memorysetup-gfx-thread-allocator-block-size=16777216"
    "memorysetup-cache-allocator-block-size=4194304"
    "memorysetup-typetree-allocator-block-size=2097152"
    "memorysetup-profiler-bucket-allocator-granularity=16"
    "memorysetup-profiler-bucket-allocator-bucket-count=8"
    "memorysetup-profiler-bucket-allocator-block-size=33554432"
    "memorysetup-profiler-bucket-allocator-block-count=8"
    "memorysetup-profiler-allocator-block-size=16777216"
    "memorysetup-profiler-editor-allocator-block-size=1048576"
    "memorysetup-temp-allocator-size-main=16777216"
    "memorysetup-job-temp-allocator-block-size=2097152"
    "memorysetup-job-temp-allocator-block-size-background=1048576"
    "memorysetup-job-temp-allocator-reduction-small-platforms=262144"
    "memorysetup-allocator-temp-initial-block-size-main=262144"
    "memorysetup-allocator-temp-initial-block-size-worker=262144"
    "memorysetup-temp-allocator-size-background-worker=32768"
    "memorysetup-temp-allocator-size-job-worker=262144"
    "memorysetup-temp-allocator-size-preload-manager=33554432"
    "memorysetup-temp-allocator-size-nav-mesh-worker=65536"
    "memorysetup-temp-allocator-size-audio-worker=65536"
    "memorysetup-temp-allocator-size-cloud-worker=32768"
    "memorysetup-temp-allocator-size-gi-baking-worker=262144"
    "memorysetup-temp-allocator-size-gi-baking-worker=262144"
    "memorysetup-temp-allocator-size-gi-baking-worker=262144"
    "memorysetup-temp-allocator-size-gi-baking-worker=262144"
    "memorysetup-temp-allocator-size-gi-baking-worker=262144"
    "memorysetup-temp-allocator-size-gfx=262144"
Player connection [2704]  Target information:

Player connection [2704]  * "[IP] 192.168.1.8 [Port] 0 [Flags] 2 [Guid] 3677069992 [EditorId] 3677069992 [Version] 1048832 [Id] WindowsEditor(7,DESKTOP-O83DMA8) [Debug] 1 [PackageName] WindowsEditor [ProjectName] Editor" 

Player connection [2704] Host joined multi-casting on [225.0.0.222:54997]...
Player connection [2704] Host joined alternative multi-casting on [225.0.0.222:34997]...
JobSystem: Creating JobQueue using job-worker-count value 7
[Physics::Module] Initialized fallback backend.
[Physics::Module] Id: 0xdecafbad
Library Redirect Path: Library/
[Physics::Module] Selected backend.
[Physics::Module] Name: PhysX
[Physics::Module] Id: 0xf2b8ea05
[Physics::Module] SDK Version: 4.1.2
[Physics::Module] Integration Version: 1.0.0
[Physics::Module] Threading Mode: Multi-Threaded
Refreshing native plugins compatible for Editor in 0.48 ms, found 2 plugins.
Preloading 0 native plugins for Editor in 0.00 ms.
Initialize engine version: 6000.0.28f1 (f336aca0cab5)
[Subsystems] Discovering subsystems at path C:/Program Files/Unity/Hub/Editor/6000.0.28f1/Editor/Data/Resources/UnitySubsystems
[Subsystems] Discovering subsystems at path D:/UnityPrjs/2dPltfrmr/Platformer2D/Assets
GfxDevice: creating device client; kGfxThreadingModeNonThreaded
Direct3D:
    Version:  Direct3D 11.0 [level 11.1]
    Renderer: NVIDIA GeForce RTX 4050 Laptop GPU (ID=0x28e1)
    Vendor:   NVIDIA
    VRAM:     5921 MB
    Driver:   32.0.15.5597
Initialize mono
Mono path[0] = 'C:/Program Files/Unity/Hub/Editor/6000.0.28f1/Editor/Data/Managed'
Mono path[1] = 'C:/Program Files/Unity/Hub/Editor/6000.0.28f1/Editor/Data/MonoBleedingEdge/lib/mono/unityjit-win32'
Mono config path = 'C:/Program Files/Unity/Hub/Editor/6000.0.28f1/Editor/Data/MonoBleedingEdge/etc'
Using monoOptions --debugger-agent=transport=dt_socket,embedding=1,server=y,suspend=n,address=127.0.0.1:56452
Begin MonoManager ReloadAssembly
Registering precompiled unity dll's ...
Register platform support module: C:/Program Files/Unity/Hub/Editor/6000.0.28f1/Editor/Data/PlaybackEngines/WebGLSupport/UnityEditor.WebGL.Extensions.dll
Register platform support module: C:/Program Files/Unity/Hub/Editor/6000.0.28f1/Editor/Data/PlaybackEngines/WindowsStandaloneSupport/UnityEditor.WindowsStandalone.Extensions.dll
Registered in 0.003662 seconds.
- Loaded All Assemblies, in  0.372 seconds
Native extension for WindowsStandalone target not found
Native extension for WebGL target not found
Mono: successfully reloaded assembly
- Finished resetting the current domain, in  0.301 seconds
Domain Reload Profiling: 672ms
	BeginReloadAssembly (137ms)
		ExecutionOrderSort (0ms)
		DisableScriptedObjects (0ms)
		BackupInstance (0ms)
		ReleaseScriptingObjects (0ms)
		CreateAndSetChildDomain (1ms)
	RebuildCommonClasses (32ms)
	RebuildNativeTypeToScriptingClass (11ms)
	initialDomainReloadingComplete (48ms)
	LoadAllAssembliesAndSetupDomain (143ms)
		LoadAssemblies (135ms)
		RebuildTransferFunctionScriptingTraits (0ms)
		AnalyzeDomain (140ms)
			TypeCache.Refresh (139ms)
				TypeCache.ScanAssembly (127ms)
			BuildScriptInfoCaches (0ms)
			ResolveRequiredComponents (0ms)
	FinalizeReload (302ms)
		ReleaseScriptCaches (0ms)
		RebuildScriptCaches (0ms)
		SetupLoadedEditorAssemblies (270ms)
			LogAssemblyErrors (0ms)
			InitializePlatformSupportModulesInManaged (26ms)
			SetLoadedEditorAssemblies (4ms)
			BeforeProcessingInitializeOnLoad (6ms)
			ProcessInitializeOnLoadAttributes (169ms)
			ProcessInitializeOnLoadMethodAttributes (62ms)
			AfterProcessingInitializeOnLoad (2ms)
			EditorAssembliesLoaded (0ms)
		ExecutionOrderSort2 (0ms)
		AwakeInstancesAfterBackupRestoration (0ms)
========================================================================
Worker process is ready to serve import requests
Import Worker Mode flag is 0x00
Begin MonoManager ReloadAssembly
- Loaded All Assemblies, in  0.695 seconds
Refreshing native plugins compatible for Editor in 0.22 ms, found 2 plugins.
Native extension for WindowsStandalone target not found
Native extension for WebGL target not found
Mono: successfully reloaded assembly
- Finished resetting the current domain, in  0.687 seconds
Domain Reload Profiling: 1380ms
	BeginReloadAssembly (388ms)
		ExecutionOrderSort (0ms)
		DisableScriptedObjects (6ms)
		BackupInstance (0ms)
		ReleaseScriptingObjects (0ms)
		CreateAndSetChildDomain (35ms)
	RebuildCommonClasses (32ms)
	RebuildNativeTypeToScriptingClass (10ms)
	initialDomainReloadingComplete (33ms)
	LoadAllAssembliesAndSetupDomain (230ms)
		LoadAssemblies (239ms)
		RebuildTransferFunctionScriptingTraits (0ms)
		AnalyzeDomain (83ms)
			TypeCache.Refresh (65ms)
				TypeCache.ScanAssembly (55ms)
			BuildScriptInfoCaches (14ms)
			ResolveRequiredComponents (2ms)
	FinalizeReload (687ms)
		ReleaseScriptCaches (0ms)
		RebuildScriptCaches (0ms)
		SetupLoadedEditorAssemblies (462ms)
			LogAssemblyErrors (0ms)
			InitializePlatformSupportModulesInManaged (3ms)
			SetLoadedEditorAssemblies (3ms)
			BeforeProcessingInitializeOnLoad (27ms)
			ProcessInitializeOnLoadAttributes (391ms)
			ProcessInitializeOnLoadMethodAttributes (29ms)
			AfterProcessingInitializeOnLoad (9ms)
			EditorAssembliesLoaded (0ms)
		ExecutionOrderSort2 (0ms)
		AwakeInstancesAfterBackupRestoration (7ms)
Launched and connected shader compiler UnityShaderCompiler.exe after 0.01 seconds
Refreshing native plugins compatible for Editor in 0.36 ms, found 2 plugins.
Preloading 0 native plugins for Editor in 0.00 ms.
Unloading 8 Unused Serialized files (Serialized files now loaded: 0)
Unloading 1642 unused Assets / (0.6 MB). Loaded Objects now: 2236.
Memory consumption went from 93.5 MB to 92.9 MB.
Total: 6.729900 ms (FindLiveObjects: 0.253100 ms CreateObjectMapping: 0.154900 ms MarkObjects: 5.619200 ms  DeleteObjects: 0.701000 ms)

========================================================================
Received Import Request.
  Time since last request: 8337.752580 seconds.
  path: Assets/Platform tile pack/ArtWork/Sprites/Tileset_40.asset
  artifactKey: Guid(1282a6b5c3e57d54483e1879f0e12595) Importer(815301076,1909f56bfc062723c751e8b465ee728b)
Start importing Assets/Platform tile pack/ArtWork/Sprites/Tileset_40.asset using Guid(1282a6b5c3e57d54483e1879f0e12595) Importer(815301076,1909f56bfc062723c751e8b465ee728b) (PreviewImporter) -> (artifact id: '70091d7531ac2c66cfc78585a1250ecc') in 0.0857388 seconds
Number of updated asset objects reloaded before import = 0Number of asset objects unloaded after import = 3

========================================================================
Received Import Request.
  Time since last request: 0.000016 seconds.
  path: Assets/Platform tile pack/ArtWork/Sprites/Tileset_57.asset
  artifactKey: Guid(ce834141baaa59f4a90a82f77672e8c2) Importer(815301076,1909f56bfc062723c751e8b465ee728b)
Start importing Assets/Platform tile pack/ArtWork/Sprites/Tileset_57.asset using Guid(ce834141baaa59f4a90a82f77672e8c2) Importer(815301076,1909f56bfc062723c751e8b465ee728b) (PreviewImporter) -> (artifact id: '0f956ac26901550cefa2f1718b0152eb') in 0.0110321 seconds
Number of updated asset objects reloaded before import = 0Number of asset objects unloaded after import = 3

========================================================================
Received Import Request.
  Time since last request: 0.000016 seconds.
  path: Assets/Platform tile pack/ArtWork/Sprites/Tileset_59.asset
  artifactKey: Guid(d27baae45c5924a4084d4f924137091f) Importer(815301076,1909f56bfc062723c751e8b465ee728b)
Start importing Assets/Platform tile pack/ArtWork/Sprites/Tileset_59.asset using Guid(d27baae45c5924a4084d4f924137091f) Importer(815301076,1909f56bfc062723c751e8b465ee728b) (PreviewImporter) -> (artifact id: 'aaa12ef7ad603f2b331b68ba1b221bc2') in 0.0115022 seconds
Number of updated asset objects reloaded before import = 0Number of asset objects unloaded after import = 3

========================================================================
Received Import Request.
  Time since last request: 0.000020 seconds.
  path: Assets/Platform tile pack/ArtWork/Sprites/Tileset_55.asset
  artifactKey: Guid(7eccb2918fce11f4b9d29ad1a0c93d62) Importer(815301076,1909f56bfc062723c751e8b465ee728b)
Start importing Assets/Platform tile pack/ArtWork/Sprites/Tileset_55.asset using Guid(7eccb2918fce11f4b9d29ad1a0c93d62) Importer(815301076,1909f56bfc062723c751e8b465ee728b) (PreviewImporter) -> (artifact id: 'df71bc206499c6bb481d075f37ed1732') in 0.014783 seconds
Number of updated asset objects reloaded before import = 0Number of asset objects unloaded after import = 3

========================================================================
Received Import Request.
  Time since last request: 0.000016 seconds.
  path: Assets/Platform tile pack/ArtWork/Sprites/Tileset_51.asset
  artifactKey: Guid(8a839ac1b65646446a36489236734c81) Importer(815301076,1909f56bfc062723c751e8b465ee728b)
Start importing Assets/Platform tile pack/ArtWork/Sprites/Tileset_51.asset using Guid(8a839ac1b65646446a36489236734c81) Importer(815301076,1909f56bfc062723c751e8b465ee728b) (PreviewImporter) -> (artifact id: '57809052b8db9995f4ffeea656d731b4') in 0.0389422 seconds
Number of updated asset objects reloaded before import = 0Number of asset objects unloaded after import = 3

========================================================================
Received Import Request.
  Time since last request: 0.000019 seconds.
  path: Assets/Platform tile pack/ArtWork/Sprites/Tileset_61.asset
  artifactKey: Guid(b428ad38dc6fb394aa9e4aaa78713ccf) Importer(815301076,1909f56bfc062723c751e8b465ee728b)
Start importing Assets/Platform tile pack/ArtWork/Sprites/Tileset_61.asset using Guid(b428ad38dc6fb394aa9e4aaa78713ccf) Importer(815301076,1909f56bfc062723c751e8b465ee728b) (PreviewImporter) -> (artifact id: 'bcd8cddd0c0677e04748319b4207b1ea') in 0.0222694 seconds
Number of updated asset objects reloaded before import = 0Number of asset objects unloaded after import = 3

========================================================================
Received Import Request.
  Time since last request: 0.000033 seconds.
  path: Assets/Platform tile pack/ArtWork/Sprites/Tileset_62.asset
  artifactKey: Guid(eec37455115d7c84e9d5ab82cca44922) Importer(815301076,1909f56bfc062723c751e8b465ee728b)
Start importing Assets/Platform tile pack/ArtWork/Sprites/Tileset_62.asset using Guid(eec37455115d7c84e9d5ab82cca44922) Importer(815301076,1909f56bfc062723c751e8b465ee728b) (PreviewImporter) -> (artifact id: 'a471452604f34118c7418481d08cb60a') in 0.0273506 seconds
Number of updated asset objects reloaded before import = 0Number of asset objects unloaded after import = 3

========================================================================
Received Import Request.
  Time since last request: 0.000070 seconds.
  path: Assets/Platform tile pack/ArtWork/Sprites/Tileset_45.asset
  artifactKey: Guid(c63f86331724f2141ba3b46968c0419f) Importer(815301076,1909f56bfc062723c751e8b465ee728b)
Start importing Assets/Platform tile pack/ArtWork/Sprites/Tileset_45.asset using Guid(c63f86331724f2141ba3b46968c0419f) Importer(815301076,1909f56bfc062723c751e8b465ee728b) (PreviewImporter) -> (artifact id: '2b47a25a837c5d7632d242fdca09b0e5') in 0.0201539 seconds
Number of updated asset objects reloaded before import = 0Number of asset objects unloaded after import = 3

========================================================================
Received Import Request.
  Time since last request: 0.000015 seconds.
  path: Assets/Platform tile pack/ArtWork/Sprites/Tileset_42.asset
  artifactKey: Guid(4cadeea6fc41a5148bd4071f56eca52e) Importer(815301076,1909f56bfc062723c751e8b465ee728b)
Start importing Assets/Platform tile pack/ArtWork/Sprites/Tileset_42.asset using Guid(4cadeea6fc41a5148bd4071f56eca52e) Importer(815301076,1909f56bfc062723c751e8b465ee728b) (PreviewImporter) -> (artifact id: 'b8bcb0fab2e6a6797be21508f49409ec') in 0.0065053 seconds
Number of updated asset objects reloaded before import = 0Number of asset objects unloaded after import = 3

========================================================================
Received Import Request.
  Time since last request: 0.000018 seconds.
  path: Assets/Platform tile pack/ArtWork/Sprites/Tileset_56.asset
  artifactKey: Guid(b3b94b738a5999b40ae63d679f74454c) Importer(815301076,1909f56bfc062723c751e8b465ee728b)
Start importing Assets/Platform tile pack/ArtWork/Sprites/Tileset_56.asset using Guid(b3b94b738a5999b40ae63d679f74454c) Importer(815301076,1909f56bfc062723c751e8b465ee728b) (PreviewImporter) -> (artifact id: 'feaabb1934156ccd23dd171b536ab5fc') in 0.0254229 seconds
Number of updated asset objects reloaded before import = 0Number of asset objects unloaded after import = 3

========================================================================
Received Import Request.
  Time since last request: 0.922523 seconds.
  path: Assets/Platform tile pack/ArtWork/Sprites/Tileset_66.asset
  artifactKey: Guid(ba5be346a6d48ec4b9d939cdda2071e3) Importer(815301076,1909f56bfc062723c751e8b465ee728b)
Start importing Assets/Platform tile pack/ArtWork/Sprites/Tileset_66.asset using Guid(ba5be346a6d48ec4b9d939cdda2071e3) Importer(815301076,1909f56bfc062723c751e8b465ee728b) (PreviewImporter) -> (artifact id: '78e91ea4e5fa643771bf4638ae10cb10') in 0.0067221 seconds
Number of updated asset objects reloaded before import = 0Number of asset objects unloaded after import = 3

========================================================================
Received Import Request.
  Time since last request: 0.000017 seconds.
  path: Assets/Platform tile pack/ArtWork/Sprites/Tileset_73.asset
  artifactKey: Guid(3193162f79106b742a55d72f7b666d6e) Importer(815301076,1909f56bfc062723c751e8b465ee728b)
Start importing Assets/Platform tile pack/ArtWork/Sprites/Tileset_73.asset using Guid(3193162f79106b742a55d72f7b666d6e) Importer(815301076,1909f56bfc062723c751e8b465ee728b) (PreviewImporter) -> (artifact id: '034edb0576cdc0239f789c9592a1bc04') in 0.0039208 seconds
Number of updated asset objects reloaded before import = 0Number of asset objects unloaded after import = 3

========================================================================
Received Import Request.
  Time since last request: 0.000023 seconds.
  path: Assets/Platform tile pack/ArtWork/Sprites/Tileset_67.asset
  artifactKey: Guid(dda500c7642b18c4795fb71cde5052a8) Importer(815301076,1909f56bfc062723c751e8b465ee728b)
Start importing Assets/Platform tile pack/ArtWork/Sprites/Tileset_67.asset using Guid(dda500c7642b18c4795fb71cde5052a8) Importer(815301076,1909f56bfc062723c751e8b465ee728b) (PreviewImporter) -> (artifact id: '9715dd5346157a42e8689798a9994d22') in 0.0034286 seconds
Number of updated asset objects reloaded before import = 0Number of asset objects unloaded after import = 3

========================================================================
Received Import Request.
  Time since last request: 0.096792 seconds.
  path: Assets/Platform tile pack/ArtWork/Sprites/Tileset_79.asset
  artifactKey: Guid(c26334c440351234183a7b1c2040bdb3) Importer(815301076,1909f56bfc062723c751e8b465ee728b)
Start importing Assets/Platform tile pack/ArtWork/Sprites/Tileset_79.asset using Guid(c26334c440351234183a7b1c2040bdb3) Importer(815301076,1909f56bfc062723c751e8b465ee728b) (PreviewImporter) -> (artifact id: '44c75ad17b96bafed5090a06c1d344f0') in 0.0031812 seconds
Number of updated asset objects reloaded before import = 0Number of asset objects unloaded after import = 3

========================================================================
Received Import Request.
  Time since last request: 0.000016 seconds.
  path: Assets/Platform tile pack/ArtWork/Sprites/Tileset_87.asset
  artifactKey: Guid(d3671d50af8286e48b9f580a3c163fe7) Importer(815301076,1909f56bfc062723c751e8b465ee728b)
Start importing Assets/Platform tile pack/ArtWork/Sprites/Tileset_87.asset using Guid(d3671d50af8286e48b9f580a3c163fe7) Importer(815301076,1909f56bfc062723c751e8b465ee728b) (PreviewImporter) -> (artifact id: '3251e87efa1467cf829ea00c31db638f') in 0.0035617 seconds
Number of updated asset objects reloaded before import = 0Number of asset objects unloaded after import = 3

========================================================================
Received Import Request.
  Time since last request: 0.000021 seconds.
  path: Assets/Platform tile pack/ArtWork/Sprites/Tileset_80.asset
  artifactKey: Guid(efdd59148dd064749a3e63c406c24ce4) Importer(815301076,1909f56bfc062723c751e8b465ee728b)
Start importing Assets/Platform tile pack/ArtWork/Sprites/Tileset_80.asset using Guid(efdd59148dd064749a3e63c406c24ce4) Importer(815301076,1909f56bfc062723c751e8b465ee728b) (PreviewImporter) -> (artifact id: 'b953693b14a90daa752a0e724e1f6ba7') in 0.0046298 seconds
Number of updated asset objects reloaded before import = 0Number of asset objects unloaded after import = 3

========================================================================
Received Import Request.
  Time since last request: 0.070057 seconds.
  path: Assets/Platform tile pack/ArtWork/Sprites/Tileset_92.asset
  artifactKey: Guid(442704af99c7bbf48ae592c25580d399) Importer(815301076,1909f56bfc062723c751e8b465ee728b)
Start importing Assets/Platform tile pack/ArtWork/Sprites/Tileset_92.asset using Guid(442704af99c7bbf48ae592c25580d399) Importer(815301076,1909f56bfc062723c751e8b465ee728b) (PreviewImporter) -> (artifact id: '0b19aa7ce867e2e0a962f3038355448b') in 0.0036583 seconds
Number of updated asset objects reloaded before import = 0Number of asset objects unloaded after import = 3

========================================================================
Received Import Request.
  Time since last request: 0.000018 seconds.
  path: Assets/Platform tile pack/ArtWork/Sprites/Tileset_99.asset
  artifactKey: Guid(176f7cdec71a85144869079d75ec61a5) Importer(815301076,1909f56bfc062723c751e8b465ee728b)
Start importing Assets/Platform tile pack/ArtWork/Sprites/Tileset_99.asset using Guid(176f7cdec71a85144869079d75ec61a5) Importer(815301076,1909f56bfc062723c751e8b465ee728b) (PreviewImporter) -> (artifact id: '60b4b0b83d6f3619ffb09ddd3d3573d8') in 0.0037245 seconds
Number of updated asset objects reloaded before import = 0Number of asset objects unloaded after import = 3

========================================================================
Received Import Request.
  Time since last request: 0.000018 seconds.
  path: Assets/Platform tile pack/ArtWork/Sprites/Tileset_94.asset
  artifactKey: Guid(dffcd054e4caf5d4fb6ba455f1013ff3) Importer(815301076,1909f56bfc062723c751e8b465ee728b)
Start importing Assets/Platform tile pack/ArtWork/Sprites/Tileset_94.asset using Guid(dffcd054e4caf5d4fb6ba455f1013ff3) Importer(815301076,1909f56bfc062723c751e8b465ee728b) (PreviewImporter) -> (artifact id: 'ef9a735f1c9ab1013f961e5b3c67802c') in 0.0032886 seconds
Number of updated asset objects reloaded before import = 0Number of asset objects unloaded after import = 3

========================================================================
Received Import Request.
  Time since last request: 1.366752 seconds.
  path: Assets/Platform tile pack/ArtWork/Sprites/Tileset_105.asset
  artifactKey: Guid(8f6b21c24781d944c859689ec0ae1da2) Importer(815301076,1909f56bfc062723c751e8b465ee728b)
Start importing Assets/Platform tile pack/ArtWork/Sprites/Tileset_105.asset using Guid(8f6b21c24781d944c859689ec0ae1da2) Importer(815301076,1909f56bfc062723c751e8b465ee728b) (PreviewImporter) -> (artifact id: '80677b52f9386a92898b91767f009b6e') in 0.0042735 seconds
Number of updated asset objects reloaded before import = 0Number of asset objects unloaded after import = 3

========================================================================
Received Import Request.
  Time since last request: 0.000016 seconds.
  path: Assets/Platform tile pack/ArtWork/Sprites/Tileset_111.asset
  artifactKey: Guid(5f12fa76a75c58d42bd47854e6a70dff) Importer(815301076,1909f56bfc062723c751e8b465ee728b)
Start importing Assets/Platform tile pack/ArtWork/Sprites/Tileset_111.asset using Guid(5f12fa76a75c58d42bd47854e6a70dff) Importer(815301076,1909f56bfc062723c751e8b465ee728b) (PreviewImporter) -> (artifact id: '75ea31265ba5201b52ef396f6bc127f9') in 0.0036868 seconds
Number of updated asset objects reloaded before import = 0Number of asset objects unloaded after import = 3

========================================================================
Received Import Request.
  Time since last request: 0.000019 seconds.
  path: Assets/Platform tile pack/ArtWork/Sprites/Tileset_108.asset
  artifactKey: Guid(415abdd7d24f69f4bb058f64233de661) Importer(815301076,1909f56bfc062723c751e8b465ee728b)
Start importing Assets/Platform tile pack/ArtWork/Sprites/Tileset_108.asset using Guid(415abdd7d24f69f4bb058f64233de661) Importer(815301076,1909f56bfc062723c751e8b465ee728b) (PreviewImporter) -> (artifact id: '8343d22073198b7776762e2362063a1a') in 0.0058444 seconds
Number of updated asset objects reloaded before import = 0Number of asset objects unloaded after import = 3

========================================================================
Received Import Request.
  Time since last request: 0.607696 seconds.
  path: Assets/Platform tile pack/ArtWork/Sprites/Tileset_118.asset
  artifactKey: Guid(1d56f5ee7f294dc4eb92844e20bd0955) Importer(815301076,1909f56bfc062723c751e8b465ee728b)
Start importing Assets/Platform tile pack/ArtWork/Sprites/Tileset_118.asset using Guid(1d56f5ee7f294dc4eb92844e20bd0955) Importer(815301076,1909f56bfc062723c751e8b465ee728b) (PreviewImporter) -> (artifact id: '76fff0e19831413ed948dae91294e1a8') in 0.0078599 seconds
Number of updated asset objects reloaded before import = 0Number of asset objects unloaded after import = 3

========================================================================
Received Import Request.
  Time since last request: 0.000019 seconds.
  path: Assets/Platform tile pack/ArtWork/Sprites/Tileset_120.asset
  artifactKey: Guid(5a2880eac00dca74e9b579b9ab2fe4cb) Importer(815301076,1909f56bfc062723c751e8b465ee728b)
Start importing Assets/Platform tile pack/ArtWork/Sprites/Tileset_120.asset using Guid(5a2880eac00dca74e9b579b9ab2fe4cb) Importer(815301076,1909f56bfc062723c751e8b465ee728b) (PreviewImporter) -> (artifact id: '302160525d00b6683f6b778491c6271f') in 0.0036104 seconds
Number of updated asset objects reloaded before import = 0Number of asset objects unloaded after import = 3

========================================================================
Received Import Request.
  Time since last request: 0.000020 seconds.
  path: Assets/Platform tile pack/ArtWork/Sprites/Tileset_125.asset
  artifactKey: Guid(2badd07ca37552c489136810eb8a2602) Importer(815301076,1909f56bfc062723c751e8b465ee728b)
Start importing Assets/Platform tile pack/ArtWork/Sprites/Tileset_125.asset using Guid(2badd07ca37552c489136810eb8a2602) Importer(815301076,1909f56bfc062723c751e8b465ee728b) (PreviewImporter) -> (artifact id: '4a2e6b06d915a8bdaec4914c861f2d11') in 0.0041221 seconds
Number of updated asset objects reloaded before import = 0Number of asset objects unloaded after import = 3

========================================================================
Received Import Request.
  Time since last request: 0.017180 seconds.
  path: Assets/Platform tile pack/ArtWork/Sprites/Tileset_131.asset
  artifactKey: Guid(4fa5798f5ee7a2442897c6a4bf47118a) Importer(815301076,1909f56bfc062723c751e8b465ee728b)
Start importing Assets/Platform tile pack/ArtWork/Sprites/Tileset_131.asset using Guid(4fa5798f5ee7a2442897c6a4bf47118a) Importer(815301076,1909f56bfc062723c751e8b465ee728b) (PreviewImporter) -> (artifact id: '55d631fcd063597220593d762e1634e6') in 0.0052935 seconds
Number of updated asset objects reloaded before import = 0Number of asset objects unloaded after import = 3

========================================================================
Received Import Request.
  Time since last request: 0.000021 seconds.
  path: Assets/Platform tile pack/ArtWork/Sprites/Tileset_140.asset
  artifactKey: Guid(fe81bec103202094a94d63809dbeacb9) Importer(815301076,1909f56bfc062723c751e8b465ee728b)
Start importing Assets/Platform tile pack/ArtWork/Sprites/Tileset_140.asset using Guid(fe81bec103202094a94d63809dbeacb9) Importer(815301076,1909f56bfc062723c751e8b465ee728b) (PreviewImporter) -> (artifact id: '4d912922e2e579d0f19ef4356073fc05') in 0.0054403 seconds
Number of updated asset objects reloaded before import = 0Number of asset objects unloaded after import = 3

========================================================================
Received Import Request.
  Time since last request: 0.000017 seconds.
  path: Assets/Platform tile pack/ArtWork/Sprites/Tileset_133.asset
  artifactKey: Guid(e1cd3d03b8946e94ead730d9be738de6) Importer(815301076,1909f56bfc062723c751e8b465ee728b)
Start importing Assets/Platform tile pack/ArtWork/Sprites/Tileset_133.asset using Guid(e1cd3d03b8946e94ead730d9be738de6) Importer(815301076,1909f56bfc062723c751e8b465ee728b) (PreviewImporter) -> (artifact id: 'bb08bb2aa8e6b723299c5b74d9fbfdca') in 0.0045646 seconds
Number of updated asset objects reloaded before import = 0Number of asset objects unloaded after import = 3

========================================================================
Received Import Request.
  Time since last request: 0.000016 seconds.
  path: Assets/Platform tile pack/ArtWork/Sprites/Tileset_137.asset
  artifactKey: Guid(443a5fe9c4ee39945b19a30ce05d9004) Importer(815301076,1909f56bfc062723c751e8b465ee728b)
Start importing Assets/Platform tile pack/ArtWork/Sprites/Tileset_137.asset using Guid(443a5fe9c4ee39945b19a30ce05d9004) Importer(815301076,1909f56bfc062723c751e8b465ee728b) (PreviewImporter) -> (artifact id: 'b42a2923aad470c8cf9e66ffe81eacea') in 0.0036224 seconds
Number of updated asset objects reloaded before import = 0Number of asset objects unloaded after import = 3

========================================================================
Received Import Request.
  Time since last request: 0.000019 seconds.
  path: Assets/Platform tile pack/ArtWork/Sprites/Tileset_144.asset
  artifactKey: Guid(2a98eebfb16bec24983e7e7350582d43) Importer(815301076,1909f56bfc062723c751e8b465ee728b)
Start importing Assets/Platform tile pack/ArtWork/Sprites/Tileset_144.asset using Guid(2a98eebfb16bec24983e7e7350582d43) Importer(815301076,1909f56bfc062723c751e8b465ee728b) (PreviewImporter) -> (artifact id: 'fd28417b634907cf1fa8da0d8a7cd7ef') in 0.0044618 seconds
Number of updated asset objects reloaded before import = 0Number of asset objects unloaded after import = 3

========================================================================
Received Import Request.
  Time since last request: 0.000028 seconds.
  path: Assets/Platform tile pack/ArtWork/Sprites/Tileset_152.asset
  artifactKey: Guid(cf4046cff79fd3f44869f5d847fd2400) Importer(815301076,1909f56bfc062723c751e8b465ee728b)
Start importing Assets/Platform tile pack/ArtWork/Sprites/Tileset_152.asset using Guid(cf4046cff79fd3f44869f5d847fd2400) Importer(815301076,1909f56bfc062723c751e8b465ee728b) (PreviewImporter) -> (artifact id: 'fcdd5ba10a32013b4ca1812115436e0e') in 0.0037409 seconds
Number of updated asset objects reloaded before import = 0Number of asset objects unloaded after import = 3

========================================================================
Received Import Request.
  Time since last request: 0.000023 seconds.
  path: Assets/Platform tile pack/ArtWork/Sprites/Tileset_147.asset
  artifactKey: Guid(40013f6755bbb854980be6b4b1e11ecb) Importer(815301076,1909f56bfc062723c751e8b465ee728b)
Start importing Assets/Platform tile pack/ArtWork/Sprites/Tileset_147.asset using Guid(40013f6755bbb854980be6b4b1e11ecb) Importer(815301076,1909f56bfc062723c751e8b465ee728b) (PreviewImporter) -> (artifact id: 'd6d4412bb5af56682da40374058bc3e9') in 0.0078527 seconds
Number of updated asset objects reloaded before import = 0Number of asset objects unloaded after import = 3

========================================================================
Received Import Request.
  Time since last request: 1.149735 seconds.
  path: Assets/Platform tile pack/ArtWork/Sprites/Tileset_157.asset
  artifactKey: Guid(78f08a23ca135414b8d7e190b0628efa) Importer(815301076,1909f56bfc062723c751e8b465ee728b)
Start importing Assets/Platform tile pack/ArtWork/Sprites/Tileset_157.asset using Guid(78f08a23ca135414b8d7e190b0628efa) Importer(815301076,1909f56bfc062723c751e8b465ee728b) (PreviewImporter) -> (artifact id: '90e522dc00ac3457c4d3b90d33db1160') in 0.005731 seconds
Number of updated asset objects reloaded before import = 0Number of asset objects unloaded after import = 3

========================================================================
Received Import Request.
  Time since last request: 0.000050 seconds.
  path: Assets/Platform tile pack/ArtWork/Sprites/Tileset_159.asset
  artifactKey: Guid(567d8573027801a4385a8bc46603dbd1) Importer(815301076,1909f56bfc062723c751e8b465ee728b)
Start importing Assets/Platform tile pack/ArtWork/Sprites/Tileset_159.asset using Guid(567d8573027801a4385a8bc46603dbd1) Importer(815301076,1909f56bfc062723c751e8b465ee728b) (PreviewImporter) -> (artifact id: '7b5b9049ef322d86d2b78e4e7ac1d0fd') in 0.0053329 seconds
Number of updated asset objects reloaded before import = 0Number of asset objects unloaded after import = 3

========================================================================
Received Import Request.
  Time since last request: 0.000019 seconds.
  path: Assets/Platform tile pack/ArtWork/Sprites/Tileset_164.asset
  artifactKey: Guid(581d893f0e126b14582e667c41822fb4) Importer(815301076,1909f56bfc062723c751e8b465ee728b)
Start importing Assets/Platform tile pack/ArtWork/Sprites/Tileset_164.asset using Guid(581d893f0e126b14582e667c41822fb4) Importer(815301076,1909f56bfc062723c751e8b465ee728b) (PreviewImporter) -> (artifact id: 'c5669beca4e8a83e554b414f1d6ab1e2') in 0.0068177 seconds
Number of updated asset objects reloaded before import = 0Number of asset objects unloaded after import = 3

========================================================================
Received Import Request.
  Time since last request: 0.000015 seconds.
  path: Assets/Platform tile pack/ArtWork/Sprites/Tileset_163.asset
  artifactKey: Guid(a9dffac6af2e54e4a96a4206a0c2703e) Importer(815301076,1909f56bfc062723c751e8b465ee728b)
Start importing Assets/Platform tile pack/ArtWork/Sprites/Tileset_163.asset using Guid(a9dffac6af2e54e4a96a4206a0c2703e) Importer(815301076,1909f56bfc062723c751e8b465ee728b) (PreviewImporter) -> (artifact id: '51d013b494ebec1c561f2abc96bafa4f') in 0.0189355 seconds
Number of updated asset objects reloaded before import = 0Number of asset objects unloaded after import = 3

Editor requested this worker to shutdown with reason: Scaling down because of idle timeout
AssetImportWorker is now disconnected from the server
Process exiting
Exiting without the bug reporter. Application will terminate with return code 0